# JRE version: OpenJDK Runtime Environment (11.0.8+10) (build 11.0.8+10-b944.6842174)
# Java VM: OpenJDK 64-Bit Server VM (11.0.8+10-b944.6842174, mixed mode, tiered, compressed oops, g1 gc, windows-amd64)
Heap:
 garbage-first heap   total 267264K, used 153040K [0x0000000080000000, 0x0000000100000000)
  region size 1024K, 18 young (18432K), 7 survivors (7168K)
 Metaspace       used 95112K, capacity 97509K, committed 97740K, reserved 1134592K
  class space    used 11499K, capacity 12282K, committed 12288K, reserved 1048576K
GC Heap History (20 events):
Event: 169.846 GC heap before
{Heap before GC invocations=45 (full 0):
 garbage-first heap   total 157696K, used 132124K [0x0000000080000000, 0x0000000100000000)
  region size 1024K, 22 young (22528K), 4 survivors (4096K)
 Metaspace       used 86942K, capacity 89180K, committed 89292K, reserved 1126400K
  class space    used 10784K, capacity 11484K, committed 11520K, reserved 1048576K
}
Event: 169.853 GC heap after
{Heap after GC invocations=46 (full 0):
 garbage-first heap   total 157696K, used 117447K [0x0000000080000000, 0x0000000100000000)
  region size 1024K, 3 young (3072K), 3 survivors (3072K)
 Metaspace       used 86942K, capacity 89180K, committed 89292K, reserved 1126400K
  class space    used 10784K, capacity 11484K, committed 11520K, reserved 1048576K
}
Event: 170.074 GC heap before
{Heap before GC invocations=46 (full 0):
 garbage-first heap   total 157696K, used 133831K [0x0000000080000000, 0x0000000100000000)
  region size 1024K, 19 young (19456K), 3 survivors (3072K)
 Metaspace       used 87625K, capacity 89946K, committed 90188K, reserved 1128448K
  class space    used 10857K, capacity 11610K, committed 11648K, reserved 1048576K
}
Event: 170.078 GC heap after
{Heap after GC invocations=47 (full 0):
 garbage-first heap   total 157696K, used 119627K [0x0000000080000000, 0x0000000100000000)
  region size 1024K, 2 young (2048K), 2 survivors (2048K)
 Metaspace       used 87625K, capacity 89946K, committed 90188K, reserved 1128448K
  class space    used 10857K, capacity 11610K, committed 11648K, reserved 1048576K
}
Event: 170.243 GC heap before
{Heap before GC invocations=47 (full 0):
 garbage-first heap   total 157696K, used 137035K [0x0000000080000000, 0x0000000100000000)
  region size 1024K, 14 young (14336K), 2 survivors (2048K)
 Metaspace       used 89461K, capacity 91817K, committed 91980K, reserved 1130496K
  class space    used 11041K, capacity 11783K, committed 11904K, reserved 1048576K
}
Event: 170.254 GC heap after
{Heap after GC invocations=48 (full 0):
 garbage-first heap   total 157696K, used 124517K [0x0000000080000000, 0x0000000100000000)
  region size 1024K, 2 young (2048K), 2 survivors (2048K)
 Metaspace       used 89461K, capacity 91817K, committed 91980K, reserved 1130496K
  class space    used 11041K, capacity 11783K, committed 11904K, reserved 1048576K
}
Event: 170.550 GC heap before
{Heap before GC invocations=48 (full 0):
 garbage-first heap   total 157696K, used 136805K [0x0000000080000000, 0x0000000100000000)
  region size 1024K, 13 young (13312K), 2 survivors (2048K)
 Metaspace       used 90432K, capacity 92748K, committed 93004K, reserved 1130496K
  class space    used 11128K, capacity 11880K, committed 11904K, reserved 1048576K
}
Event: 170.560 GC heap after
{Heap after GC invocations=49 (full 0):
 garbage-first heap   total 189440K, used 124848K [0x0000000080000000, 0x0000000100000000)
  region size 1024K, 2 young (2048K), 2 survivors (2048K)
 Metaspace       used 90432K, capacity 92748K, committed 93004K, reserved 1130496K
  class space    used 11128K, capacity 11880K, committed 11904K, reserved 1048576K
}
Event: 171.411 GC heap before
{Heap before GC invocations=50 (full 0):
 garbage-first heap   total 189440K, used 149424K [0x0000000080000000, 0x0000000100000000)
  region size 1024K, 26 young (26624K), 2 survivors (2048K)
 Metaspace       used 90493K, capacity 92913K, committed 93132K, reserved 1130496K
  class space    used 11131K, capacity 11913K, committed 12032K, reserved 1048576K
}
Event: 171.423 GC heap after
{Heap after GC invocations=51 (full 0):
 garbage-first heap   total 189440K, used 127322K [0x0000000080000000, 0x0000000100000000)
  region size 1024K, 4 young (4096K), 4 survivors (4096K)
 Metaspace       used 90493K, capacity 92913K, committed 93132K, reserved 1130496K
  class space    used 11131K, capacity 11913K, committed 12032K, reserved 1048576K
}
Event: 171.604 GC heap before
{Heap before GC invocations=51 (full 0):
 garbage-first heap   total 189440K, used 132442K [0x0000000080000000, 0x0000000100000000)
  region size 1024K, 9 young (9216K), 4 survivors (4096K)
 Metaspace       used 90511K, capacity 92919K, committed 93132K, reserved 1130496K
  class space    used 11133K, capacity 11915K, committed 12032K, reserved 1048576K
}
Event: 171.623 GC heap after
{Heap after GC invocations=52 (full 0):
 garbage-first heap   total 189440K, used 129444K [0x0000000080000000, 0x0000000100000000)
  region size 1024K, 2 young (2048K), 2 survivors (2048K)
 Metaspace       used 90511K, capacity 92919K, committed 93132K, reserved 1130496K
  class space    used 11133K, capacity 11915K, committed 12032K, reserved 1048576K
}
Event: 172.335 GC heap before
{Heap before GC invocations=52 (full 0):
 garbage-first heap   total 189440K, used 168356K [0x0000000080000000, 0x0000000100000000)
  region size 1024K, 24 young (24576K), 2 survivors (2048K)
 Metaspace       used 91100K, capacity 93424K, committed 93644K, reserved 1130496K
  class space    used 11180K, capacity 11925K, committed 12032K, reserved 1048576K
}
Event: 172.348 GC heap after
{Heap after GC invocations=53 (full 0):
 garbage-first heap   total 189440K, used 134387K [0x0000000080000000, 0x0000000100000000)
  region size 1024K, 3 young (3072K), 3 survivors (3072K)
 Metaspace       used 91100K, capacity 93424K, committed 93644K, reserved 1130496K
  class space    used 11180K, capacity 11925K, committed 12032K, reserved 1048576K
}
Event: 172.800 GC heap before
{Heap before GC invocations=53 (full 0):
 garbage-first heap   total 189440K, used 153843K [0x0000000080000000, 0x0000000100000000)
  region size 1024K, 23 young (23552K), 3 survivors (3072K)
 Metaspace       used 93656K, capacity 96127K, committed 96460K, reserved 1134592K
  class space    used 11396K, capacity 12184K, committed 12288K, reserved 1048576K
}
Event: 172.813 GC heap after
{Heap after GC invocations=54 (full 0):
 garbage-first heap   total 267264K, used 137410K [0x0000000080000000, 0x0000000100000000)
  region size 1024K, 3 young (3072K), 3 survivors (3072K)
 Metaspace       used 93656K, capacity 96127K, committed 96460K, reserved 1134592K
  class space    used 11396K, capacity 12184K, committed 12288K, reserved 1048576K
}
Event: 173.301 GC heap before
{Heap before GC invocations=54 (full 0):
 garbage-first heap   total 267264K, used 180418K [0x0000000080000000, 0x0000000100000000)
  region size 1024K, 45 young (46080K), 3 survivors (3072K)
 Metaspace       used 94007K, capacity 96447K, committed 96716K, reserved 1134592K
  class space    used 11404K, capacity 12184K, committed 12288K, reserved 1048576K
}
Event: 173.334 GC heap after
{Heap after GC invocations=55 (full 0):
 garbage-first heap   total 267264K, used 138008K [0x0000000080000000, 0x0000000100000000)
  region size 1024K, 4 young (4096K), 4 survivors (4096K)
 Metaspace       used 94007K, capacity 96447K, committed 96716K, reserved 1134592K
  class space    used 11404K, capacity 12184K, committed 12288K, reserved 1048576K
}
Event: 174.511 GC heap before
{Heap before GC invocations=55 (full 0):
 garbage-first heap   total 267264K, used 184088K [0x0000000080000000, 0x0000000100000000)
  region size 1024K, 50 young (51200K), 4 survivors (4096K)
 Metaspace       used 94785K, capacity 97157K, committed 97228K, reserved 1134592K
  class space    used 11463K, capacity 12250K, committed 12288K, reserved 1048576K
}
Event: 174.522 GC heap after
{Heap after GC invocations=56 (full 0):
 garbage-first heap   total 267264K, used 142800K [0x0000000080000000, 0x0000000100000000)
  region size 1024K, 7 young (7168K), 7 survivors (7168K)
 Metaspace       used 94785K, capacity 97157K, committed 97228K, reserved 1134592K
  class space    used 11463K, capacity 12250K, committed 12288K, reserved 1048576K
}

